0 info it worked if it ends with ok
1 verbose cli [ 'E:\\nodejs\\node.exe',
1 verbose cli   'E:\\nodejs\\node_modules\\npm\\bin\\npm-cli.js',
1 verbose cli   'install' ]
2 info using npm@2.15.8
3 info using node@v4.4.7
4 verbose readDependencies loading dependencies from C:\Users\patry\Documents\inzynierka\SOGO\package.json
5 verbose install where, deps [ 'C:\\Users\\patry\\Documents\\inzynierka\\SOGO',
5 verbose install   [ 'bower',
5 verbose install     'phantomjs-prebuilt',
5 verbose install     'protractor',
5 verbose install     'protractor-jasmine2-html-reporter' ] ]
6 verbose install where, peers [ 'C:\\Users\\patry\\Documents\\inzynierka\\SOGO', [] ]
7 verbose installManyTop reading for lifecycle C:\Users\patry\Documents\inzynierka\SOGO\package.json
8 info preinstall sogo@0.0.1
9 verbose installManyTop reading scoped package data from C:\Users\patry\Documents\inzynierka\SOGO\node_modules\bower\package.json
10 verbose installManyTop reading scoped package data from C:\Users\patry\Documents\inzynierka\SOGO\node_modules\phantomjs-prebuilt\package.json
11 verbose installManyTop reading scoped package data from C:\Users\patry\Documents\inzynierka\SOGO\node_modules\protractor\package.json
12 verbose installManyTop reading scoped package data from C:\Users\patry\Documents\inzynierka\SOGO\node_modules\protractor-jasmine2-html-reporter\package.json
13 verbose readDependencies loading dependencies from C:\Users\patry\Documents\inzynierka\SOGO\package.json
14 verbose targetResolver reading package data from C:\Users\patry\Documents\inzynierka\SOGO\node_modules\bower\package.json
15 verbose targetResolver reading package data from C:\Users\patry\Documents\inzynierka\SOGO\node_modules\phantomjs-prebuilt\package.json
16 verbose targetResolver reading package data from C:\Users\patry\Documents\inzynierka\SOGO\node_modules\protractor\package.json
17 verbose targetResolver reading package data from C:\Users\patry\Documents\inzynierka\SOGO\node_modules\protractor-jasmine2-html-reporter\package.json
18 verbose already installed skipping protractor-jasmine2-html-reporter@0.0.6 C:\Users\patry\Documents\inzynierka\SOGO
19 verbose already installed skipping bower@1.7.9 C:\Users\patry\Documents\inzynierka\SOGO
20 verbose already installed skipping phantomjs-prebuilt@2.1.8 C:\Users\patry\Documents\inzynierka\SOGO
21 verbose already installed skipping protractor@4.0.4 C:\Users\patry\Documents\inzynierka\SOGO
22 silly install resolved []
23 info build C:\Users\patry\Documents\inzynierka\SOGO
24 info linkStuff sogo@0.0.1
25 silly linkStuff sogo@0.0.1 has C:\Users\patry\Documents\inzynierka as its parent node_modules
26 verbose linkBins sogo@0.0.1
27 verbose linkMans sogo@0.0.1
28 verbose rebuildBundles sogo@0.0.1
29 verbose rebuildBundles [ 'bower',
29 verbose rebuildBundles   'phantomjs-prebuilt',
29 verbose rebuildBundles   'protractor',
29 verbose rebuildBundles   'protractor-jasmine2-html-reporter' ]
30 info install sogo@0.0.1
31 info postinstall sogo@0.0.1
32 verbose unsafe-perm in lifecycle true
33 info sogo@0.0.1 Failed to exec postinstall script
34 verbose stack Error: sogo@0.0.1 postinstall: `bower install && webdriver-manager update`
34 verbose stack Exit status 1
34 verbose stack     at EventEmitter.<anonymous> (E:\nodejs\node_modules\npm\lib\utils\lifecycle.js:217:16)
34 verbose stack     at emitTwo (events.js:87:13)
34 verbose stack     at EventEmitter.emit (events.js:172:7)
34 verbose stack     at ChildProcess.<anonymous> (E:\nodejs\node_modules\npm\lib\utils\spawn.js:24:14)
34 verbose stack     at emitTwo (events.js:87:13)
34 verbose stack     at ChildProcess.emit (events.js:172:7)
34 verbose stack     at maybeClose (internal/child_process.js:827:16)
34 verbose stack     at Process.ChildProcess._handle.onexit (internal/child_process.js:211:5)
35 verbose pkgid sogo@0.0.1
36 verbose cwd C:\Users\patry\Documents\inzynierka\SOGO
37 error Windows_NT 10.0.14393
38 error argv "E:\\nodejs\\node.exe" "E:\\nodejs\\node_modules\\npm\\bin\\npm-cli.js" "install"
39 error node v4.4.7
40 error npm  v2.15.8
41 error code ELIFECYCLE
42 error sogo@0.0.1 postinstall: `bower install && webdriver-manager update`
42 error Exit status 1
43 error Failed at the sogo@0.0.1 postinstall script 'bower install && webdriver-manager update'.
43 error This is most likely a problem with the sogo package,
43 error not with npm itself.
43 error Tell the author that this fails on your system:
43 error     bower install && webdriver-manager update
43 error You can get information on how to open an issue for this project with:
43 error     npm bugs sogo
43 error Or if that isn't available, you can get their info via:
43 error
43 error     npm owner ls sogo
43 error There is likely additional logging output above.
44 verbose exit [ 1, true ]
